[2021-09-01 14:43:23] micro.nftbox.works.ERROR: syntax error, unexpected '$config' (T_VARIABLE) {"userId":1,"exception":"[object] (ParseError(code: 0): syntax error, unexpected '$config' (T_VARIABLE) at /home/nftboxworks/micro.nftbox.works/userfiles/modules/multilanguage/config.php:10)
[stacktrace]
#0 /home/nftboxworks/micro.nftbox.works/src/MicroweberPackages/App/functions/other.php(102): MicroweberPackages\\Module\\ModuleManager->scan_for_modules()
#1 /home/nftboxworks/micro.nftbox.works/src/MicroweberPackages/Package/MicroweberComposerClient.php(296): scan_for_modules()
#2 /home/nftboxworks/micro.nftbox.works/src/MicroweberPackages/Package/MicroweberComposerClient.php(170): MicroweberPackages\\Package\\MicroweberComposerClient->install()
#3 /home/nftboxworks/micro.nftbox.works/src/MicroweberPackages/App/Managers/UpdateManager.php(1288): MicroweberPackages\\Package\\MicroweberComposerClient->requestInstall()
#4 /home/nftboxworks/micro.nftbox.works/src/MicroweberPackages/App/functions/other.php(769): MicroweberPackages\\App\\Managers\\UpdateManager->composer_install_package_by_name()
#5 /home/nftboxworks/micro.nftbox.works/src/MicroweberPackages/App/Http/Controllers/FrontendController.php(538): mw_composer_install_package_by_name()
#6 /home/nftboxworks/micro.nftbox.works/vendor/laravel/framework/src/Illuminate/Routing/Controller.php(54): MicroweberPackages\\App\\Http\\Controllers\\FrontendController->api()
#7 /home/nftboxworks/micro.nftbox.works/vendor/laravel/framework/src/Illuminate/Routing/ControllerDispatcher.php(45): Illuminate\\Routing\\Controller->callAction()
#8 /home/nftboxworks/micro.nftbox.works/vendor/laravel/framework/src/Illuminate/Routing/Route.php(254): Illuminate\\Routing\\ControllerDispatcher->dispatch()
#9 /home/nftboxworks/micro.nftbox.works/vendor/laravel/framework/src/Illuminate/Routing/Route.php(197): Illuminate\\Routing\\Route->runController()
#10 /home/nftboxworks/micro.nftbox.works/vendor/laravel/framework/src/Illuminate/Routing/Router.php(695): Illuminate\\Routing\\Route->run()
#11 /home/nftboxworks/micro.nftbox.works/vendor/laravel/framework/src/Illuminate/Pipeline/Pipeline.php(128): Illuminate\\Routing\\Router->Illuminate\\Routing\\{closure}()
#12 /home/nftboxworks/micro.nftbox.works/vendor/laravel/framework/src/Illuminate/Session/Middleware/AuthenticateSession.php(58): Illuminate\\Pipeline\\Pipeline->Illuminate\\Pipeline\\{closure}()
#13 /home/nftboxworks/micro.nftbox.works/src/MicroweberPackages/App/Http/Middleware/AuthenticateSessionForUser.php(23): Illuminate\\Session\\Middleware\\AuthenticateSession->handle()
#14 /home/nftboxworks/micro.nftbox.works/vendor/laravel/framework/src/Illuminate/Pipeline/Pipeline.php(167): MicroweberPackages\\App\\Http\\Middleware\\AuthenticateSessionForUser->handle()
#15 /home/nftboxworks/micro.nftbox.works/src/MicroweberPackages/App/Http/Middleware/XSS.php(22): Illuminate\\Pipeline\\Pipeline->Illuminate\\Pipeline\\{closure}()
#16 /home/nftboxworks/micro.nftbox.works/vendor/laravel/framework/src/Illuminate/Pipeline/Pipeline.php(167): MicroweberPackages\\App\\Http\\Middleware\\XSS->handle()
#17 /home/nftboxworks/micro.nftbox.works/vendor/laravel/framework/src/Illuminate/Pipeline/Pipeline.php(103): Illuminate\\Pipeline\\Pipeline->Illuminate\\Pipeline\\{closure}()
#18 /home/nftboxworks/micro.nftbox.works/vendor/laravel/framework/src/Illuminate/Routing/Router.php(697): Illuminate\\Pipeline\\Pipeline->then()
#19 /home/nftboxworks/micro.nftbox.works/vendor/laravel/framework/src/Illuminate/Routing/Router.php(672): Illuminate\\Routing\\Router->runRouteWithinStack()
#20 /home/nftboxworks/micro.nftbox.works/vendor/laravel/framework/src/Illuminate/Routing/Router.php(636): Illuminate\\Routing\\Router->runRoute()
#21 /home/nftboxworks/micro.nftbox.works/vendor/laravel/framework/src/Illuminate/Routing/Router.php(625): Illuminate\\Routing\\Router->dispatchToRoute()
#22 /home/nftboxworks/micro.nftbox.works/vendor/laravel/framework/src/Illuminate/Foundation/Http/Kernel.php(166): Illuminate\\Routing\\Router->dispatch()
#23 /home/nftboxworks/micro.nftbox.works/vendor/laravel/framework/src/Illuminate/Pipeline/Pipeline.php(128): Illuminate\\Foundation\\Http\\Kernel->Illuminate\\Foundation\\Http\\{closure}()
#24 /home/nftboxworks/micro.nftbox.works/vendor/barryvdh/laravel-debugbar/src/Middleware/InjectDebugbar.php(60): Illuminate\\Pipeline\\Pipeline->Illuminate\\Pipeline\\{closure}()
#25 /home/nftboxworks/micro.nftbox.works/vendor/laravel/framework/src/Illuminate/Pipeline/Pipeline.php(167): Barryvdh\\Debugbar\\Middleware\\InjectDebugbar->handle()
#26 /home/nftboxworks/micro.nftbox.works/vendor/fideloper/proxy/src/TrustProxies.php(57): Illuminate\\Pipeline\\Pipeline->Illuminate\\Pipeline\\{closure}()
#27 /home/nftboxworks/micro.nftbox.works/vendor/laravel/framework/src/Illuminate/Pipeline/Pipeline.php(167): Fideloper\\Proxy\\TrustProxies->handle()
#28 /home/nftboxworks/micro.nftbox.works/vendor/fruitcake/laravel-cors/src/HandleCors.php(38): Illuminate\\Pipeline\\Pipeline->Illuminate\\Pipeline\\{closure}()
#29 /home/nftboxworks/micro.nftbox.works/vendor/laravel/framework/src/Illuminate/Pipeline/Pipeline.php(167): Fruitcake\\Cors\\HandleCors->handle()
#30 /home/nftboxworks/micro.nftbox.works/vendor/laravel/framework/src/Illuminate/Foundation/Http/Middleware/PreventRequestsDuringMaintenance.php(86): Illuminate\\Pipeline\\Pipeline->Illuminate\\Pipeline\\{closure}()
#31 /home/nftboxworks/micro.nftbox.works/vendor/laravel/framework/src/Illuminate/Pipeline/Pipeline.php(167): Illuminate\\Foundation\\Http\\Middleware\\PreventRequestsDuringMaintenance->handle()
#32 /home/nftboxworks/micro.nftbox.works/vendor/laravel/framework/src/Illuminate/Foundation/Http/Middleware/ValidatePostSize.php(27): Illuminate\\Pipeline\\Pipeline->Illuminate\\Pipeline\\{closure}()
#33 /home/nftboxworks/micro.nftbox.works/vendor/laravel/framework/src/Illuminate/Pipeline/Pipeline.php(167): Illuminate\\Foundation\\Http\\Middleware\\ValidatePostSize->handle()
#34 /home/nftboxworks/micro.nftbox.works/vendor/laravel/framework/src/Illuminate/Foundation/Http/Middleware/TransformsRequest.php(21): Illuminate\\Pipeline\\Pipeline->Illuminate\\Pipeline\\{closure}()
#35 /home/nftboxworks/micro.nftbox.works/vendor/laravel/framework/src/Illuminate/Foundation/Http/Middleware/TrimStrings.php(40): Illuminate\\Foundation\\Http\\Middleware\\TransformsRequest->handle()
#36 /home/nftboxworks/micro.nftbox.works/vendor/laravel/framework/src/Illuminate/Pipeline/Pipeline.php(167): Illuminate\\Foundation\\Http\\Middleware\\TrimStrings->handle()
#37 /home/nftboxworks/micro.nftbox.works/vendor/laravel/framework/src/Illuminate/Session/Middleware/StartSession.php(121): Illuminate\\Pipeline\\Pipeline->Illuminate\\Pipeline\\{closure}()
#38 /home/nftboxworks/micro.nftbox.works/vendor/laravel/framework/src/Illuminate/Session/Middleware/StartSession.php(64): Illuminate\\Session\\Middleware\\StartSession->handleStatefulRequest()
#39 /home/nftboxworks/micro.nftbox.works/src/MicroweberPackages/App/Http/Middleware/StartSessionExtended.php(22): Illuminate\\Session\\Middleware\\StartSession->handle()
#40 /home/nftboxworks/micro.nftbox.works/vendor/laravel/framework/src/Illuminate/Pipeline/Pipeline.php(167): MicroweberPackages\\App\\Http\\Middleware\\StartSessionExtended->handle()
#41 /home/nftboxworks/micro.nftbox.works/vendor/laravel/framework/src/Illuminate/Foundation/Http/Middleware/TransformsRequest.php(21): Illuminate\\Pipeline\\Pipeline->Illuminate\\Pipeline\\{closure}()
#42 /home/nftboxworks/micro.nftbox.works/vendor/laravel/framework/src/Illuminate/Foundation/Http/Middleware/ConvertEmptyStringsToNull.php(31): Illuminate\\Foundation\\Http\\Middleware\\TransformsRequest->handle()
#43 /home/nftboxworks/micro.nftbox.works/vendor/laravel/framework/src/Illuminate/Pipeline/Pipeline.php(167): Illuminate\\Foundation\\Http\\Middleware\\ConvertEmptyStringsToNull->handle()
#44 /home/nftboxworks/micro.nftbox.works/vendor/laravel/framework/src/Illuminate/Cookie/Middleware/AddQueuedCookiesToResponse.php(37): Illuminate\\Pipeline\\Pipeline->Illuminate\\Pipeline\\{closure}()
#45 /home/nftboxworks/micro.nftbox.works/vendor/laravel/framework/src/Illuminate/Pipeline/Pipeline.php(167): Illuminate\\Cookie\\Middleware\\AddQueuedCookiesToResponse->handle()
#46 /home/nftboxworks/micro.nftbox.works/vendor/laravel/framework/src/Illuminate/Pipeline/Pipeline.php(103): Illuminate\\Pipeline\\Pipeline->Illuminate\\Pipeline\\{closure}()
#47 /home/nftboxworks/micro.nftbox.works/vendor/laravel/framework/src/Illuminate/Foundation/Http/Kernel.php(141): Illuminate\\Pipeline\\Pipeline->then()
#48 /home/nftboxworks/micro.nftbox.works/vendor/laravel/framework/src/Illuminate/Foundation/Http/Kernel.php(110): Illuminate\\Foundation\\Http\\Kernel->sendRequestThroughRouter()
#49 /home/nftboxworks/micro.nftbox.works/index.php(90): Illuminate\\Foundation\\Http\\Kernel->handle()
#50 {main}
"} 
[2021-09-01 15:18:03] micro.nftbox.works.ERROR: syntax error, unexpected 'endif' (T_ENDIF), expecting end of file {"userId":1,"exception":"[object] (ParseError(code: 0): syntax error, unexpected 'endif' (T_ENDIF), expecting end of file at /home/nftboxworks/micro.nftbox.works/userfiles/templates/new-world/footer.php:45)
[stacktrace]
#0 /home/nftboxworks/micro.nftbox.works/src/MicroweberPackages/View/View.php(78): include()
#1 /home/nftboxworks/micro.nftbox.works/src/MicroweberPackages/Template/Adapters/MicroweberTemplate.php(50): MicroweberPackages\\View\\View->__toString()
#2 /home/nftboxworks/micro.nftbox.works/src/MicroweberPackages/Template/Template.php(216): MicroweberPackages\\Template\\Adapters\\MicroweberTemplate->render()
#3 /home/nftboxworks/micro.nftbox.works/src/MicroweberPackages/Template/Template.php(808): MicroweberPackages\\Template\\Template->adapter()
#4 /home/nftboxworks/micro.nftbox.works/src/MicroweberPackages/App/Http/Controllers/FrontendController.php(1986): MicroweberPackages\\Template\\Template->render()
#5 /home/nftboxworks/micro.nftbox.works/src/MicroweberPackages/App/Http/Controllers/FrontendController.php(76): MicroweberPackages\\App\\Http\\Controllers\\FrontendController->frontend()
#6 /home/nftboxworks/micro.nftbox.works/vendor/laravel/framework/src/Illuminate/Routing/Controller.php(54): MicroweberPackages\\App\\Http\\Controllers\\FrontendController->index()
#7 /home/nftboxworks/micro.nftbox.works/vendor/laravel/framework/src/Illuminate/Routing/ControllerDispatcher.php(45): Illuminate\\Routing\\Controller->callAction()
#8 /home/nftboxworks/micro.nftbox.works/vendor/laravel/framework/src/Illuminate/Routing/Route.php(254): Illuminate\\Routing\\ControllerDispatcher->dispatch()
#9 /home/nftboxworks/micro.nftbox.works/vendor/laravel/framework/src/Illuminate/Routing/Route.php(197): Illuminate\\Routing\\Route->runController()
#10 /home/nftboxworks/micro.nftbox.works/vendor/laravel/framework/src/Illuminate/Routing/Router.php(695): Illuminate\\Routing\\Route->run()
#11 /home/nftboxworks/micro.nftbox.works/vendor/laravel/framework/src/Illuminate/Pipeline/Pipeline.php(128): Illuminate\\Routing\\Router->Illuminate\\Routing\\{closure}()
#12 /home/nftboxworks/micro.nftbox.works/vendor/laravel/framework/src/Illuminate/Session/Middleware/AuthenticateSession.php(58): Illuminate\\Pipeline\\Pipeline->Illuminate\\Pipeline\\{closure}()
#13 /home/nftboxworks/micro.nftbox.works/src/MicroweberPackages/App/Http/Middleware/AuthenticateSessionForUser.php(23): Illuminate\\Session\\Middleware\\AuthenticateSession->handle()
#14 /home/nftboxworks/micro.nftbox.works/vendor/laravel/framework/src/Illuminate/Pipeline/Pipeline.php(167): MicroweberPackages\\App\\Http\\Middleware\\AuthenticateSessionForUser->handle()
#15 /home/nftboxworks/micro.nftbox.works/src/MicroweberPackages/App/Http/Middleware/XSS.php(22): Illuminate\\Pipeline\\Pipeline->Illuminate\\Pipeline\\{closure}()
#16 /home/nftboxworks/micro.nftbox.works/vendor/laravel/framework/src/Illuminate/Pipeline/Pipeline.php(167): MicroweberPackages\\App\\Http\\Middleware\\XSS->handle()
#17 /home/nftboxworks/micro.nftbox.works/vendor/laravel/framework/src/Illuminate/Pipeline/Pipeline.php(103): Illuminate\\Pipeline\\Pipeline->Illuminate\\Pipeline\\{closure}()
#18 /home/nftboxworks/micro.nftbox.works/vendor/laravel/framework/src/Illuminate/Routing/Router.php(697): Illuminate\\Pipeline\\Pipeline->then()
#19 /home/nftboxworks/micro.nftbox.works/vendor/laravel/framework/src/Illuminate/Routing/Router.php(672): Illuminate\\Routing\\Router->runRouteWithinStack()
#20 /home/nftboxworks/micro.nftbox.works/vendor/laravel/framework/src/Illuminate/Routing/Router.php(636): Illuminate\\Routing\\Router->runRoute()
#21 /home/nftboxworks/micro.nftbox.works/vendor/laravel/framework/src/Illuminate/Routing/Router.php(625): Illuminate\\Routing\\Router->dispatchToRoute()
#22 /home/nftboxworks/micro.nftbox.works/vendor/laravel/framework/src/Illuminate/Foundation/Http/Kernel.php(166): Illuminate\\Routing\\Router->dispatch()
#23 /home/nftboxworks/micro.nftbox.works/vendor/laravel/framework/src/Illuminate/Pipeline/Pipeline.php(128): Illuminate\\Foundation\\Http\\Kernel->Illuminate\\Foundation\\Http\\{closure}()
#24 /home/nftboxworks/micro.nftbox.works/vendor/barryvdh/laravel-debugbar/src/Middleware/InjectDebugbar.php(60): Illuminate\\Pipeline\\Pipeline->Illuminate\\Pipeline\\{closure}()
#25 /home/nftboxworks/micro.nftbox.works/vendor/laravel/framework/src/Illuminate/Pipeline/Pipeline.php(167): Barryvdh\\Debugbar\\Middleware\\InjectDebugbar->handle()
#26 /home/nftboxworks/micro.nftbox.works/vendor/fideloper/proxy/src/TrustProxies.php(57): Illuminate\\Pipeline\\Pipeline->Illuminate\\Pipeline\\{closure}()
#27 /home/nftboxworks/micro.nftbox.works/vendor/laravel/framework/src/Illuminate/Pipeline/Pipeline.php(167): Fideloper\\Proxy\\TrustProxies->handle()
#28 /home/nftboxworks/micro.nftbox.works/vendor/fruitcake/laravel-cors/src/HandleCors.php(38): Illuminate\\Pipeline\\Pipeline->Illuminate\\Pipeline\\{closure}()
#29 /home/nftboxworks/micro.nftbox.works/vendor/laravel/framework/src/Illuminate/Pipeline/Pipeline.php(167): Fruitcake\\Cors\\HandleCors->handle()
#30 /home/nftboxworks/micro.nftbox.works/vendor/laravel/framework/src/Illuminate/Foundation/Http/Middleware/PreventRequestsDuringMaintenance.php(86): Illuminate\\Pipeline\\Pipeline->Illuminate\\Pipeline\\{closure}()
#31 /home/nftboxworks/micro.nftbox.works/vendor/laravel/framework/src/Illuminate/Pipeline/Pipeline.php(167): Illuminate\\Foundation\\Http\\Middleware\\PreventRequestsDuringMaintenance->handle()
#32 /home/nftboxworks/micro.nftbox.works/vendor/laravel/framework/src/Illuminate/Foundation/Http/Middleware/ValidatePostSize.php(27): Illuminate\\Pipeline\\Pipeline->Illuminate\\Pipeline\\{closure}()
#33 /home/nftboxworks/micro.nftbox.works/vendor/laravel/framework/src/Illuminate/Pipeline/Pipeline.php(167): Illuminate\\Foundation\\Http\\Middleware\\ValidatePostSize->handle()
#34 /home/nftboxworks/micro.nftbox.works/vendor/laravel/framework/src/Illuminate/Foundation/Http/Middleware/TransformsRequest.php(21): Illuminate\\Pipeline\\Pipeline->Illuminate\\Pipeline\\{closure}()
#35 /home/nftboxworks/micro.nftbox.works/vendor/laravel/framework/src/Illuminate/Foundation/Http/Middleware/TrimStrings.php(40): Illuminate\\Foundation\\Http\\Middleware\\TransformsRequest->handle()
#36 /home/nftboxworks/micro.nftbox.works/vendor/laravel/framework/src/Illuminate/Pipeline/Pipeline.php(167): Illuminate\\Foundation\\Http\\Middleware\\TrimStrings->handle()
#37 /home/nftboxworks/micro.nftbox.works/vendor/laravel/framework/src/Illuminate/Session/Middleware/StartSession.php(121): Illuminate\\Pipeline\\Pipeline->Illuminate\\Pipeline\\{closure}()
#38 /home/nftboxworks/micro.nftbox.works/vendor/laravel/framework/src/Illuminate/Session/Middleware/StartSession.php(64): Illuminate\\Session\\Middleware\\StartSession->handleStatefulRequest()
#39 /home/nftboxworks/micro.nftbox.works/src/MicroweberPackages/App/Http/Middleware/StartSessionExtended.php(22): Illuminate\\Session\\Middleware\\StartSession->handle()
#40 /home/nftboxworks/micro.nftbox.works/vendor/laravel/framework/src/Illuminate/Pipeline/Pipeline.php(167): MicroweberPackages\\App\\Http\\Middleware\\StartSessionExtended->handle()
#41 /home/nftboxworks/micro.nftbox.works/vendor/laravel/framework/src/Illuminate/Foundation/Http/Middleware/TransformsRequest.php(21): Illuminate\\Pipeline\\Pipeline->Illuminate\\Pipeline\\{closure}()
#42 /home/nftboxworks/micro.nftbox.works/vendor/laravel/framework/src/Illuminate/Foundation/Http/Middleware/ConvertEmptyStringsToNull.php(31): Illuminate\\Foundation\\Http\\Middleware\\TransformsRequest->handle()
#43 /home/nftboxworks/micro.nftbox.works/vendor/laravel/framework/src/Illuminate/Pipeline/Pipeline.php(167): Illuminate\\Foundation\\Http\\Middleware\\ConvertEmptyStringsToNull->handle()
#44 /home/nftboxworks/micro.nftbox.works/vendor/laravel/framework/src/Illuminate/Cookie/Middleware/AddQueuedCookiesToResponse.php(37): Illuminate\\Pipeline\\Pipeline->Illuminate\\Pipeline\\{closure}()
#45 /home/nftboxworks/micro.nftbox.works/vendor/laravel/framework/src/Illuminate/Pipeline/Pipeline.php(167): Illuminate\\Cookie\\Middleware\\AddQueuedCookiesToResponse->handle()
#46 /home/nftboxworks/micro.nftbox.works/vendor/laravel/framework/src/Illuminate/Pipeline/Pipeline.php(103): Illuminate\\Pipeline\\Pipeline->Illuminate\\Pipeline\\{closure}()
#47 /home/nftboxworks/micro.nftbox.works/vendor/laravel/framework/src/Illuminate/Foundation/Http/Kernel.php(141): Illuminate\\Pipeline\\Pipeline->then()
#48 /home/nftboxworks/micro.nftbox.works/vendor/laravel/framework/src/Illuminate/Foundation/Http/Kernel.php(110): Illuminate\\Foundation\\Http\\Kernel->sendRequestThroughRouter()
#49 /home/nftboxworks/micro.nftbox.works/index.php(90): Illuminate\\Foundation\\Http\\Kernel->handle()
#50 {main}
"} 
[2021-09-01 22:31:25] micro.nftbox.works.ERROR: include(/home/nftboxworks/micro.nftbox.works/userfiles/templates/tema-v1/header.php): failed to open stream: No such file or directory {"userId":1,"exception":"[object] (ErrorException(code: 0): include(/home/nftboxworks/micro.nftbox.works/userfiles/templates/tema-v1/header.php): failed to open stream: No such file or directory at /home/nftboxworks/micro.nftbox.works/userfiles/templates/default/index.php:15)
[stacktrace]
#0 /home/nftboxworks/micro.nftbox.works/userfiles/templates/default/index.php(15): Illuminate\\Foundation\\Bootstrap\\HandleExceptions->handleError()
#1 /home/nftboxworks/micro.nftbox.works/userfiles/templates/default/index.php(15): include()
#2 /home/nftboxworks/micro.nftbox.works/src/MicroweberPackages/View/View.php(78): include('/home/nftboxwor...')
#3 /home/nftboxworks/micro.nftbox.works/src/MicroweberPackages/Template/Adapters/MicroweberTemplate.php(50): MicroweberPackages\\View\\View->__toString()
#4 /home/nftboxworks/micro.nftbox.works/src/MicroweberPackages/Template/Template.php(216): MicroweberPackages\\Template\\Adapters\\MicroweberTemplate->render()
#5 /home/nftboxworks/micro.nftbox.works/src/MicroweberPackages/Template/Template.php(808): MicroweberPackages\\Template\\Template->adapter()
#6 /home/nftboxworks/micro.nftbox.works/src/MicroweberPackages/App/Http/Controllers/FrontendController.php(1986): MicroweberPackages\\Template\\Template->render()
#7 /home/nftboxworks/micro.nftbox.works/src/MicroweberPackages/App/Http/Controllers/FrontendController.php(76): MicroweberPackages\\App\\Http\\Controllers\\FrontendController->frontend()
#8 /home/nftboxworks/micro.nftbox.works/vendor/laravel/framework/src/Illuminate/Routing/Controller.php(54): MicroweberPackages\\App\\Http\\Controllers\\FrontendController->index()
#9 /home/nftboxworks/micro.nftbox.works/vendor/laravel/framework/src/Illuminate/Routing/ControllerDispatcher.php(45): Illuminate\\Routing\\Controller->callAction()
#10 /home/nftboxworks/micro.nftbox.works/vendor/laravel/framework/src/Illuminate/Routing/Route.php(254): Illuminate\\Routing\\ControllerDispatcher->dispatch()
#11 /home/nftboxworks/micro.nftbox.works/vendor/laravel/framework/src/Illuminate/Routing/Route.php(197): Illuminate\\Routing\\Route->runController()
#12 /home/nftboxworks/micro.nftbox.works/vendor/laravel/framework/src/Illuminate/Routing/Router.php(695): Illuminate\\Routing\\Route->run()
#13 /home/nftboxworks/micro.nftbox.works/vendor/laravel/framework/src/Illuminate/Pipeline/Pipeline.php(128): Illuminate\\Routing\\Router->Illuminate\\Routing\\{closure}()
#14 /home/nftboxworks/micro.nftbox.works/vendor/laravel/framework/src/Illuminate/Session/Middleware/AuthenticateSession.php(58): Illuminate\\Pipeline\\Pipeline->Illuminate\\Pipeline\\{closure}()
#15 /home/nftboxworks/micro.nftbox.works/src/MicroweberPackages/App/Http/Middleware/AuthenticateSessionForUser.php(23): Illuminate\\Session\\Middleware\\AuthenticateSession->handle()
#16 /home/nftboxworks/micro.nftbox.works/vendor/laravel/framework/src/Illuminate/Pipeline/Pipeline.php(167): MicroweberPackages\\App\\Http\\Middleware\\AuthenticateSessionForUser->handle()
#17 /home/nftboxworks/micro.nftbox.works/src/MicroweberPackages/App/Http/Middleware/XSS.php(22): Illuminate\\Pipeline\\Pipeline->Illuminate\\Pipeline\\{closure}()
#18 /home/nftboxworks/micro.nftbox.works/vendor/laravel/framework/src/Illuminate/Pipeline/Pipeline.php(167): MicroweberPackages\\App\\Http\\Middleware\\XSS->handle()
#19 /home/nftboxworks/micro.nftbox.works/vendor/laravel/framework/src/Illuminate/Pipeline/Pipeline.php(103): Illuminate\\Pipeline\\Pipeline->Illuminate\\Pipeline\\{closure}()
#20 /home/nftboxworks/micro.nftbox.works/vendor/laravel/framework/src/Illuminate/Routing/Router.php(697): Illuminate\\Pipeline\\Pipeline->then()
#21 /home/nftboxworks/micro.nftbox.works/vendor/laravel/framework/src/Illuminate/Routing/Router.php(672): Illuminate\\Routing\\Router->runRouteWithinStack()
#22 /home/nftboxworks/micro.nftbox.works/vendor/laravel/framework/src/Illuminate/Routing/Router.php(636): Illuminate\\Routing\\Router->runRoute()
#23 /home/nftboxworks/micro.nftbox.works/vendor/laravel/framework/src/Illuminate/Routing/Router.php(625): Illuminate\\Routing\\Router->dispatchToRoute()
#24 /home/nftboxworks/micro.nftbox.works/vendor/laravel/framework/src/Illuminate/Foundation/Http/Kernel.php(166): Illuminate\\Routing\\Router->dispatch()
#25 /home/nftboxworks/micro.nftbox.works/vendor/laravel/framework/src/Illuminate/Pipeline/Pipeline.php(128): Illuminate\\Foundation\\Http\\Kernel->Illuminate\\Foundation\\Http\\{closure}()
#26 /home/nftboxworks/micro.nftbox.works/vendor/barryvdh/laravel-debugbar/src/Middleware/InjectDebugbar.php(60): Illuminate\\Pipeline\\Pipeline->Illuminate\\Pipeline\\{closure}()
#27 /home/nftboxworks/micro.nftbox.works/vendor/laravel/framework/src/Illuminate/Pipeline/Pipeline.php(167): Barryvdh\\Debugbar\\Middleware\\InjectDebugbar->handle()
#28 /home/nftboxworks/micro.nftbox.works/vendor/fideloper/proxy/src/TrustProxies.php(57): Illuminate\\Pipeline\\Pipeline->Illuminate\\Pipeline\\{closure}()
#29 /home/nftboxworks/micro.nftbox.works/vendor/laravel/framework/src/Illuminate/Pipeline/Pipeline.php(167): Fideloper\\Proxy\\TrustProxies->handle()
#30 /home/nftboxworks/micro.nftbox.works/vendor/fruitcake/laravel-cors/src/HandleCors.php(38): Illuminate\\Pipeline\\Pipeline->Illuminate\\Pipeline\\{closure}()
#31 /home/nftboxworks/micro.nftbox.works/vendor/laravel/framework/src/Illuminate/Pipeline/Pipeline.php(167): Fruitcake\\Cors\\HandleCors->handle()
#32 /home/nftboxworks/micro.nftbox.works/vendor/laravel/framework/src/Illuminate/Foundation/Http/Middleware/PreventRequestsDuringMaintenance.php(86): Illuminate\\Pipeline\\Pipeline->Illuminate\\Pipeline\\{closure}()
#33 /home/nftboxworks/micro.nftbox.works/vendor/laravel/framework/src/Illuminate/Pipeline/Pipeline.php(167): Illuminate\\Foundation\\Http\\Middleware\\PreventRequestsDuringMaintenance->handle()
#34 /home/nftboxworks/micro.nftbox.works/vendor/laravel/framework/src/Illuminate/Foundation/Http/Middleware/ValidatePostSize.php(27): Illuminate\\Pipeline\\Pipeline->Illuminate\\Pipeline\\{closure}()
#35 /home/nftboxworks/micro.nftbox.works/vendor/laravel/framework/src/Illuminate/Pipeline/Pipeline.php(167): Illuminate\\Foundation\\Http\\Middleware\\ValidatePostSize->handle()
#36 /home/nftboxworks/micro.nftbox.works/vendor/laravel/framework/src/Illuminate/Foundation/Http/Middleware/TransformsRequest.php(21): Illuminate\\Pipeline\\Pipeline->Illuminate\\Pipeline\\{closure}()
#37 /home/nftboxworks/micro.nftbox.works/vendor/laravel/framework/src/Illuminate/Foundation/Http/Middleware/TrimStrings.php(40): Illuminate\\Foundation\\Http\\Middleware\\TransformsRequest->handle()
#38 /home/nftboxworks/micro.nftbox.works/vendor/laravel/framework/src/Illuminate/Pipeline/Pipeline.php(167): Illuminate\\Foundation\\Http\\Middleware\\TrimStrings->handle()
#39 /home/nftboxworks/micro.nftbox.works/vendor/laravel/framework/src/Illuminate/Session/Middleware/StartSession.php(121): Illuminate\\Pipeline\\Pipeline->Illuminate\\Pipeline\\{closure}()
#40 /home/nftboxworks/micro.nftbox.works/vendor/laravel/framework/src/Illuminate/Session/Middleware/StartSession.php(64): Illuminate\\Session\\Middleware\\StartSession->handleStatefulRequest()
#41 /home/nftboxworks/micro.nftbox.works/src/MicroweberPackages/App/Http/Middleware/StartSessionExtended.php(22): Illuminate\\Session\\Middleware\\StartSession->handle()
#42 /home/nftboxworks/micro.nftbox.works/vendor/laravel/framework/src/Illuminate/Pipeline/Pipeline.php(167): MicroweberPackages\\App\\Http\\Middleware\\StartSessionExtended->handle()
#43 /home/nftboxworks/micro.nftbox.works/vendor/laravel/framework/src/Illuminate/Foundation/Http/Middleware/TransformsRequest.php(21): Illuminate\\Pipeline\\Pipeline->Illuminate\\Pipeline\\{closure}()
#44 /home/nftboxworks/micro.nftbox.works/vendor/laravel/framework/src/Illuminate/Foundation/Http/Middleware/ConvertEmptyStringsToNull.php(31): Illuminate\\Foundation\\Http\\Middleware\\TransformsRequest->handle()
#45 /home/nftboxworks/micro.nftbox.works/vendor/laravel/framework/src/Illuminate/Pipeline/Pipeline.php(167): Illuminate\\Foundation\\Http\\Middleware\\ConvertEmptyStringsToNull->handle()
#46 /home/nftboxworks/micro.nftbox.works/vendor/laravel/framework/src/Illuminate/Cookie/Middleware/AddQueuedCookiesToResponse.php(37): Illuminate\\Pipeline\\Pipeline->Illuminate\\Pipeline\\{closure}()
#47 /home/nftboxworks/micro.nftbox.works/vendor/laravel/framework/src/Illuminate/Pipeline/Pipeline.php(167): Illuminate\\Cookie\\Middleware\\AddQueuedCookiesToResponse->handle()
#48 /home/nftboxworks/micro.nftbox.works/vendor/laravel/framework/src/Illuminate/Pipeline/Pipeline.php(103): Illuminate\\Pipeline\\Pipeline->Illuminate\\Pipeline\\{closure}()
#49 /home/nftboxworks/micro.nftbox.works/vendor/laravel/framework/src/Illuminate/Foundation/Http/Kernel.php(141): Illuminate\\Pipeline\\Pipeline->then()
#50 /home/nftboxworks/micro.nftbox.works/vendor/laravel/framework/src/Illuminate/Foundation/Http/Kernel.php(110): Illuminate\\Foundation\\Http\\Kernel->sendRequestThroughRouter()
#51 /home/nftboxworks/micro.nftbox.works/index.php(90): Illuminate\\Foundation\\Http\\Kernel->handle()
#52 {main}
"} 
[2021-09-01 22:31:31] micro.nftbox.works.ERROR: include(/home/nftboxworks/micro.nftbox.works/userfiles/templates/tema-v1/header.php): failed to open stream: No such file or directory {"userId":1,"exception":"[object] (ErrorException(code: 0): include(/home/nftboxworks/micro.nftbox.works/userfiles/templates/tema-v1/header.php): failed to open stream: No such file or directory at /home/nftboxworks/micro.nftbox.works/userfiles/templates/new-world/index.php:13)
[stacktrace]
#0 /home/nftboxworks/micro.nftbox.works/userfiles/templates/new-world/index.php(13): Illuminate\\Foundation\\Bootstrap\\HandleExceptions->handleError()
#1 /home/nftboxworks/micro.nftbox.works/userfiles/templates/new-world/index.php(13): include()
#2 /home/nftboxworks/micro.nftbox.works/src/MicroweberPackages/View/View.php(78): include('/home/nftboxwor...')
#3 /home/nftboxworks/micro.nftbox.works/src/MicroweberPackages/Template/Adapters/MicroweberTemplate.php(50): MicroweberPackages\\View\\View->__toString()
#4 /home/nftboxworks/micro.nftbox.works/src/MicroweberPackages/Template/Template.php(216): MicroweberPackages\\Template\\Adapters\\MicroweberTemplate->render()
#5 /home/nftboxworks/micro.nftbox.works/src/MicroweberPackages/Template/Template.php(808): MicroweberPackages\\Template\\Template->adapter()
#6 /home/nftboxworks/micro.nftbox.works/src/MicroweberPackages/App/Http/Controllers/FrontendController.php(1986): MicroweberPackages\\Template\\Template->render()
#7 /home/nftboxworks/micro.nftbox.works/src/MicroweberPackages/App/Http/Controllers/FrontendController.php(76): MicroweberPackages\\App\\Http\\Controllers\\FrontendController->frontend()
#8 /home/nftboxworks/micro.nftbox.works/vendor/laravel/framework/src/Illuminate/Routing/Controller.php(54): MicroweberPackages\\App\\Http\\Controllers\\FrontendController->index()
#9 /home/nftboxworks/micro.nftbox.works/vendor/laravel/framework/src/Illuminate/Routing/ControllerDispatcher.php(45): Illuminate\\Routing\\Controller->callAction()
#10 /home/nftboxworks/micro.nftbox.works/vendor/laravel/framework/src/Illuminate/Routing/Route.php(254): Illuminate\\Routing\\ControllerDispatcher->dispatch()
#11 /home/nftboxworks/micro.nftbox.works/vendor/laravel/framework/src/Illuminate/Routing/Route.php(197): Illuminate\\Routing\\Route->runController()
#12 /home/nftboxworks/micro.nftbox.works/vendor/laravel/framework/src/Illuminate/Routing/Router.php(695): Illuminate\\Routing\\Route->run()
#13 /home/nftboxworks/micro.nftbox.works/vendor/laravel/framework/src/Illuminate/Pipeline/Pipeline.php(128): Illuminate\\Routing\\Router->Illuminate\\Routing\\{closure}()
#14 /home/nftboxworks/micro.nftbox.works/vendor/laravel/framework/src/Illuminate/Session/Middleware/AuthenticateSession.php(58): Illuminate\\Pipeline\\Pipeline->Illuminate\\Pipeline\\{closure}()
#15 /home/nftboxworks/micro.nftbox.works/src/MicroweberPackages/App/Http/Middleware/AuthenticateSessionForUser.php(23): Illuminate\\Session\\Middleware\\AuthenticateSession->handle()
#16 /home/nftboxworks/micro.nftbox.works/vendor/laravel/framework/src/Illuminate/Pipeline/Pipeline.php(167): MicroweberPackages\\App\\Http\\Middleware\\AuthenticateSessionForUser->handle()
#17 /home/nftboxworks/micro.nftbox.works/src/MicroweberPackages/App/Http/Middleware/XSS.php(22): Illuminate\\Pipeline\\Pipeline->Illuminate\\Pipeline\\{closure}()
#18 /home/nftboxworks/micro.nftbox.works/vendor/laravel/framework/src/Illuminate/Pipeline/Pipeline.php(167): MicroweberPackages\\App\\Http\\Middleware\\XSS->handle()
#19 /home/nftboxworks/micro.nftbox.works/vendor/laravel/framework/src/Illuminate/Pipeline/Pipeline.php(103): Illuminate\\Pipeline\\Pipeline->Illuminate\\Pipeline\\{closure}()
#20 /home/nftboxworks/micro.nftbox.works/vendor/laravel/framework/src/Illuminate/Routing/Router.php(697): Illuminate\\Pipeline\\Pipeline->then()
#21 /home/nftboxworks/micro.nftbox.works/vendor/laravel/framework/src/Illuminate/Routing/Router.php(672): Illuminate\\Routing\\Router->runRouteWithinStack()
#22 /home/nftboxworks/micro.nftbox.works/vendor/laravel/framework/src/Illuminate/Routing/Router.php(636): Illuminate\\Routing\\Router->runRoute()
#23 /home/nftboxworks/micro.nftbox.works/vendor/laravel/framework/src/Illuminate/Routing/Router.php(625): Illuminate\\Routing\\Router->dispatchToRoute()
#24 /home/nftboxworks/micro.nftbox.works/vendor/laravel/framework/src/Illuminate/Foundation/Http/Kernel.php(166): Illuminate\\Routing\\Router->dispatch()
#25 /home/nftboxworks/micro.nftbox.works/vendor/laravel/framework/src/Illuminate/Pipeline/Pipeline.php(128): Illuminate\\Foundation\\Http\\Kernel->Illuminate\\Foundation\\Http\\{closure}()
#26 /home/nftboxworks/micro.nftbox.works/vendor/barryvdh/laravel-debugbar/src/Middleware/InjectDebugbar.php(60): Illuminate\\Pipeline\\Pipeline->Illuminate\\Pipeline\\{closure}()
#27 /home/nftboxworks/micro.nftbox.works/vendor/laravel/framework/src/Illuminate/Pipeline/Pipeline.php(167): Barryvdh\\Debugbar\\Middleware\\InjectDebugbar->handle()
#28 /home/nftboxworks/micro.nftbox.works/vendor/fideloper/proxy/src/TrustProxies.php(57): Illuminate\\Pipeline\\Pipeline->Illuminate\\Pipeline\\{closure}()
#29 /home/nftboxworks/micro.nftbox.works/vendor/laravel/framework/src/Illuminate/Pipeline/Pipeline.php(167): Fideloper\\Proxy\\TrustProxies->handle()
#30 /home/nftboxworks/micro.nftbox.works/vendor/fruitcake/laravel-cors/src/HandleCors.php(38): Illuminate\\Pipeline\\Pipeline->Illuminate\\Pipeline\\{closure}()
#31 /home/nftboxworks/micro.nftbox.works/vendor/laravel/framework/src/Illuminate/Pipeline/Pipeline.php(167): Fruitcake\\Cors\\HandleCors->handle()
#32 /home/nftboxworks/micro.nftbox.works/vendor/laravel/framework/src/Illuminate/Foundation/Http/Middleware/PreventRequestsDuringMaintenance.php(86): Illuminate\\Pipeline\\Pipeline->Illuminate\\Pipeline\\{closure}()
#33 /home/nftboxworks/micro.nftbox.works/vendor/laravel/framework/src/Illuminate/Pipeline/Pipeline.php(167): Illuminate\\Foundation\\Http\\Middleware\\PreventRequestsDuringMaintenance->handle()
#34 /home/nftboxworks/micro.nftbox.works/vendor/laravel/framework/src/Illuminate/Foundation/Http/Middleware/ValidatePostSize.php(27): Illuminate\\Pipeline\\Pipeline->Illuminate\\Pipeline\\{closure}()
#35 /home/nftboxworks/micro.nftbox.works/vendor/laravel/framework/src/Illuminate/Pipeline/Pipeline.php(167): Illuminate\\Foundation\\Http\\Middleware\\ValidatePostSize->handle()
#36 /home/nftboxworks/micro.nftbox.works/vendor/laravel/framework/src/Illuminate/Foundation/Http/Middleware/TransformsRequest.php(21): Illuminate\\Pipeline\\Pipeline->Illuminate\\Pipeline\\{closure}()
#37 /home/nftboxworks/micro.nftbox.works/vendor/laravel/framework/src/Illuminate/Foundation/Http/Middleware/TrimStrings.php(40): Illuminate\\Foundation\\Http\\Middleware\\TransformsRequest->handle()
#38 /home/nftboxworks/micro.nftbox.works/vendor/laravel/framework/src/Illuminate/Pipeline/Pipeline.php(167): Illuminate\\Foundation\\Http\\Middleware\\TrimStrings->handle()
#39 /home/nftboxworks/micro.nftbox.works/vendor/laravel/framework/src/Illuminate/Session/Middleware/StartSession.php(121): Illuminate\\Pipeline\\Pipeline->Illuminate\\Pipeline\\{closure}()
#40 /home/nftboxworks/micro.nftbox.works/vendor/laravel/framework/src/Illuminate/Session/Middleware/StartSession.php(64): Illuminate\\Session\\Middleware\\StartSession->handleStatefulRequest()
#41 /home/nftboxworks/micro.nftbox.works/src/MicroweberPackages/App/Http/Middleware/StartSessionExtended.php(22): Illuminate\\Session\\Middleware\\StartSession->handle()
#42 /home/nftboxworks/micro.nftbox.works/vendor/laravel/framework/src/Illuminate/Pipeline/Pipeline.php(167): MicroweberPackages\\App\\Http\\Middleware\\StartSessionExtended->handle()
#43 /home/nftboxworks/micro.nftbox.works/vendor/laravel/framework/src/Illuminate/Foundation/Http/Middleware/TransformsRequest.php(21): Illuminate\\Pipeline\\Pipeline->Illuminate\\Pipeline\\{closure}()
#44 /home/nftboxworks/micro.nftbox.works/vendor/laravel/framework/src/Illuminate/Foundation/Http/Middleware/ConvertEmptyStringsToNull.php(31): Illuminate\\Foundation\\Http\\Middleware\\TransformsRequest->handle()
#45 /home/nftboxworks/micro.nftbox.works/vendor/laravel/framework/src/Illuminate/Pipeline/Pipeline.php(167): Illuminate\\Foundation\\Http\\Middleware\\ConvertEmptyStringsToNull->handle()
#46 /home/nftboxworks/micro.nftbox.works/vendor/laravel/framework/src/Illuminate/Cookie/Middleware/AddQueuedCookiesToResponse.php(37): Illuminate\\Pipeline\\Pipeline->Illuminate\\Pipeline\\{closure}()
#47 /home/nftboxworks/micro.nftbox.works/vendor/laravel/framework/src/Illuminate/Pipeline/Pipeline.php(167): Illuminate\\Cookie\\Middleware\\AddQueuedCookiesToResponse->handle()
#48 /home/nftboxworks/micro.nftbox.works/vendor/laravel/framework/src/Illuminate/Pipeline/Pipeline.php(103): Illuminate\\Pipeline\\Pipeline->Illuminate\\Pipeline\\{closure}()
#49 /home/nftboxworks/micro.nftbox.works/vendor/laravel/framework/src/Illuminate/Foundation/Http/Kernel.php(141): Illuminate\\Pipeline\\Pipeline->then()
#50 /home/nftboxworks/micro.nftbox.works/vendor/laravel/framework/src/Illuminate/Foundation/Http/Kernel.php(110): Illuminate\\Foundation\\Http\\Kernel->sendRequestThroughRouter()
#51 /home/nftboxworks/micro.nftbox.works/index.php(90): Illuminate\\Foundation\\Http\\Kernel->handle()
#52 {main}
"} 
[2021-09-01 22:38:09] micro.nftbox.works.ERROR: include(/home/nftboxworks/micro.nftbox.works/userfiles/templates/tema-v1/header.php): failed to open stream: No such file or directory {"userId":1,"exception":"[object] (ErrorException(code: 0): include(/home/nftboxworks/micro.nftbox.works/userfiles/templates/tema-v1/header.php): failed to open stream: No such file or directory at /home/nftboxworks/micro.nftbox.works/userfiles/templates/default/index.php:15)
[stacktrace]
#0 /home/nftboxworks/micro.nftbox.works/userfiles/templates/default/index.php(15): Illuminate\\Foundation\\Bootstrap\\HandleExceptions->handleError()
#1 /home/nftboxworks/micro.nftbox.works/userfiles/templates/default/index.php(15): include()
#2 /home/nftboxworks/micro.nftbox.works/src/MicroweberPackages/View/View.php(78): include('/home/nftboxwor...')
#3 /home/nftboxworks/micro.nftbox.works/src/MicroweberPackages/Template/Adapters/MicroweberTemplate.php(50): MicroweberPackages\\View\\View->__toString()
#4 /home/nftboxworks/micro.nftbox.works/src/MicroweberPackages/Template/Template.php(216): MicroweberPackages\\Template\\Adapters\\MicroweberTemplate->render()
#5 /home/nftboxworks/micro.nftbox.works/src/MicroweberPackages/Template/Template.php(808): MicroweberPackages\\Template\\Template->adapter()
#6 /home/nftboxworks/micro.nftbox.works/src/MicroweberPackages/App/Http/Controllers/FrontendController.php(1986): MicroweberPackages\\Template\\Template->render()
#7 /home/nftboxworks/micro.nftbox.works/src/MicroweberPackages/App/Http/Controllers/FrontendController.php(76): MicroweberPackages\\App\\Http\\Controllers\\FrontendController->frontend()
#8 /home/nftboxworks/micro.nftbox.works/vendor/laravel/framework/src/Illuminate/Routing/Controller.php(54): MicroweberPackages\\App\\Http\\Controllers\\FrontendController->index()
#9 /home/nftboxworks/micro.nftbox.works/vendor/laravel/framework/src/Illuminate/Routing/ControllerDispatcher.php(45): Illuminate\\Routing\\Controller->callAction()
#10 /home/nftboxworks/micro.nftbox.works/vendor/laravel/framework/src/Illuminate/Routing/Route.php(254): Illuminate\\Routing\\ControllerDispatcher->dispatch()
#11 /home/nftboxworks/micro.nftbox.works/vendor/laravel/framework/src/Illuminate/Routing/Route.php(197): Illuminate\\Routing\\Route->runController()
#12 /home/nftboxworks/micro.nftbox.works/vendor/laravel/framework/src/Illuminate/Routing/Router.php(695): Illuminate\\Routing\\Route->run()
#13 /home/nftboxworks/micro.nftbox.works/vendor/laravel/framework/src/Illuminate/Pipeline/Pipeline.php(128): Illuminate\\Routing\\Router->Illuminate\\Routing\\{closure}()
#14 /home/nftboxworks/micro.nftbox.works/vendor/laravel/framework/src/Illuminate/Session/Middleware/AuthenticateSession.php(58): Illuminate\\Pipeline\\Pipeline->Illuminate\\Pipeline\\{closure}()
#15 /home/nftboxworks/micro.nftbox.works/src/MicroweberPackages/App/Http/Middleware/AuthenticateSessionForUser.php(23): Illuminate\\Session\\Middleware\\AuthenticateSession->handle()
#16 /home/nftboxworks/micro.nftbox.works/vendor/laravel/framework/src/Illuminate/Pipeline/Pipeline.php(167): MicroweberPackages\\App\\Http\\Middleware\\AuthenticateSessionForUser->handle()
#17 /home/nftboxworks/micro.nftbox.works/src/MicroweberPackages/App/Http/Middleware/XSS.php(22): Illuminate\\Pipeline\\Pipeline->Illuminate\\Pipeline\\{closure}()
#18 /home/nftboxworks/micro.nftbox.works/vendor/laravel/framework/src/Illuminate/Pipeline/Pipeline.php(167): MicroweberPackages\\App\\Http\\Middleware\\XSS->handle()
#19 /home/nftboxworks/micro.nftbox.works/vendor/laravel/framework/src/Illuminate/Pipeline/Pipeline.php(103): Illuminate\\Pipeline\\Pipeline->Illuminate\\Pipeline\\{closure}()
#20 /home/nftboxworks/micro.nftbox.works/vendor/laravel/framework/src/Illuminate/Routing/Router.php(697): Illuminate\\Pipeline\\Pipeline->then()
#21 /home/nftboxworks/micro.nftbox.works/vendor/laravel/framework/src/Illuminate/Routing/Router.php(672): Illuminate\\Routing\\Router->runRouteWithinStack()
#22 /home/nftboxworks/micro.nftbox.works/vendor/laravel/framework/src/Illuminate/Routing/Router.php(636): Illuminate\\Routing\\Router->runRoute()
#23 /home/nftboxworks/micro.nftbox.works/vendor/laravel/framework/src/Illuminate/Routing/Router.php(625): Illuminate\\Routing\\Router->dispatchToRoute()
#24 /home/nftboxworks/micro.nftbox.works/vendor/laravel/framework/src/Illuminate/Foundation/Http/Kernel.php(166): Illuminate\\Routing\\Router->dispatch()
#25 /home/nftboxworks/micro.nftbox.works/vendor/laravel/framework/src/Illuminate/Pipeline/Pipeline.php(128): Illuminate\\Foundation\\Http\\Kernel->Illuminate\\Foundation\\Http\\{closure}()
#26 /home/nftboxworks/micro.nftbox.works/vendor/barryvdh/laravel-debugbar/src/Middleware/InjectDebugbar.php(60): Illuminate\\Pipeline\\Pipeline->Illuminate\\Pipeline\\{closure}()
#27 /home/nftboxworks/micro.nftbox.works/vendor/laravel/framework/src/Illuminate/Pipeline/Pipeline.php(167): Barryvdh\\Debugbar\\Middleware\\InjectDebugbar->handle()
#28 /home/nftboxworks/micro.nftbox.works/vendor/fideloper/proxy/src/TrustProxies.php(57): Illuminate\\Pipeline\\Pipeline->Illuminate\\Pipeline\\{closure}()
#29 /home/nftboxworks/micro.nftbox.works/vendor/laravel/framework/src/Illuminate/Pipeline/Pipeline.php(167): Fideloper\\Proxy\\TrustProxies->handle()
#30 /home/nftboxworks/micro.nftbox.works/vendor/fruitcake/laravel-cors/src/HandleCors.php(38): Illuminate\\Pipeline\\Pipeline->Illuminate\\Pipeline\\{closure}()
#31 /home/nftboxworks/micro.nftbox.works/vendor/laravel/framework/src/Illuminate/Pipeline/Pipeline.php(167): Fruitcake\\Cors\\HandleCors->handle()
#32 /home/nftboxworks/micro.nftbox.works/vendor/laravel/framework/src/Illuminate/Foundation/Http/Middleware/PreventRequestsDuringMaintenance.php(86): Illuminate\\Pipeline\\Pipeline->Illuminate\\Pipeline\\{closure}()
#33 /home/nftboxworks/micro.nftbox.works/vendor/laravel/framework/src/Illuminate/Pipeline/Pipeline.php(167): Illuminate\\Foundation\\Http\\Middleware\\PreventRequestsDuringMaintenance->handle()
#34 /home/nftboxworks/micro.nftbox.works/vendor/laravel/framework/src/Illuminate/Foundation/Http/Middleware/ValidatePostSize.php(27): Illuminate\\Pipeline\\Pipeline->Illuminate\\Pipeline\\{closure}()
#35 /home/nftboxworks/micro.nftbox.works/vendor/laravel/framework/src/Illuminate/Pipeline/Pipeline.php(167): Illuminate\\Foundation\\Http\\Middleware\\ValidatePostSize->handle()
#36 /home/nftboxworks/micro.nftbox.works/vendor/laravel/framework/src/Illuminate/Foundation/Http/Middleware/TransformsRequest.php(21): Illuminate\\Pipeline\\Pipeline->Illuminate\\Pipeline\\{closure}()
#37 /home/nftboxworks/micro.nftbox.works/vendor/laravel/framework/src/Illuminate/Foundation/Http/Middleware/TrimStrings.php(40): Illuminate\\Foundation\\Http\\Middleware\\TransformsRequest->handle()
#38 /home/nftboxworks/micro.nftbox.works/vendor/laravel/framework/src/Illuminate/Pipeline/Pipeline.php(167): Illuminate\\Foundation\\Http\\Middleware\\TrimStrings->handle()
#39 /home/nftboxworks/micro.nftbox.works/vendor/laravel/framework/src/Illuminate/Session/Middleware/StartSession.php(121): Illuminate\\Pipeline\\Pipeline->Illuminate\\Pipeline\\{closure}()
#40 /home/nftboxworks/micro.nftbox.works/vendor/laravel/framework/src/Illuminate/Session/Middleware/StartSession.php(64): Illuminate\\Session\\Middleware\\StartSession->handleStatefulRequest()
#41 /home/nftboxworks/micro.nftbox.works/src/MicroweberPackages/App/Http/Middleware/StartSessionExtended.php(22): Illuminate\\Session\\Middleware\\StartSession->handle()
#42 /home/nftboxworks/micro.nftbox.works/vendor/laravel/framework/src/Illuminate/Pipeline/Pipeline.php(167): MicroweberPackages\\App\\Http\\Middleware\\StartSessionExtended->handle()
#43 /home/nftboxworks/micro.nftbox.works/vendor/laravel/framework/src/Illuminate/Foundation/Http/Middleware/TransformsRequest.php(21): Illuminate\\Pipeline\\Pipeline->Illuminate\\Pipeline\\{closure}()
#44 /home/nftboxworks/micro.nftbox.works/vendor/laravel/framework/src/Illuminate/Foundation/Http/Middleware/ConvertEmptyStringsToNull.php(31): Illuminate\\Foundation\\Http\\Middleware\\TransformsRequest->handle()
#45 /home/nftboxworks/micro.nftbox.works/vendor/laravel/framework/src/Illuminate/Pipeline/Pipeline.php(167): Illuminate\\Foundation\\Http\\Middleware\\ConvertEmptyStringsToNull->handle()
#46 /home/nftboxworks/micro.nftbox.works/vendor/laravel/framework/src/Illuminate/Cookie/Middleware/AddQueuedCookiesToResponse.php(37): Illuminate\\Pipeline\\Pipeline->Illuminate\\Pipeline\\{closure}()
#47 /home/nftboxworks/micro.nftbox.works/vendor/laravel/framework/src/Illuminate/Pipeline/Pipeline.php(167): Illuminate\\Cookie\\Middleware\\AddQueuedCookiesToResponse->handle()
#48 /home/nftboxworks/micro.nftbox.works/vendor/laravel/framework/src/Illuminate/Pipeline/Pipeline.php(103): Illuminate\\Pipeline\\Pipeline->Illuminate\\Pipeline\\{closure}()
#49 /home/nftboxworks/micro.nftbox.works/vendor/laravel/framework/src/Illuminate/Foundation/Http/Kernel.php(141): Illuminate\\Pipeline\\Pipeline->then()
#50 /home/nftboxworks/micro.nftbox.works/vendor/laravel/framework/src/Illuminate/Foundation/Http/Kernel.php(110): Illuminate\\Foundation\\Http\\Kernel->sendRequestThroughRouter()
#51 /home/nftboxworks/micro.nftbox.works/index.php(90): Illuminate\\Foundation\\Http\\Kernel->handle()
#52 {main}
"} 
[2021-09-01 22:40:41] micro.nftbox.works.ERROR: include(/home/nftboxworks/micro.nftbox.works/userfiles/templates/tema-v1/header.php): failed to open stream: No such file or directory {"userId":1,"exception":"[object] (ErrorException(code: 0): include(/home/nftboxworks/micro.nftbox.works/userfiles/templates/tema-v1/header.php): failed to open stream: No such file or directory at /home/nftboxworks/micro.nftbox.works/userfiles/templates/default/index.php:15)
[stacktrace]
#0 /home/nftboxworks/micro.nftbox.works/userfiles/templates/default/index.php(15): Illuminate\\Foundation\\Bootstrap\\HandleExceptions->handleError()
#1 /home/nftboxworks/micro.nftbox.works/userfiles/templates/default/index.php(15): include()
#2 /home/nftboxworks/micro.nftbox.works/src/MicroweberPackages/View/View.php(78): include('/home/nftboxwor...')
#3 /home/nftboxworks/micro.nftbox.works/src/MicroweberPackages/Template/Adapters/MicroweberTemplate.php(50): MicroweberPackages\\View\\View->__toString()
#4 /home/nftboxworks/micro.nftbox.works/src/MicroweberPackages/Template/Template.php(216): MicroweberPackages\\Template\\Adapters\\MicroweberTemplate->render()
#5 /home/nftboxworks/micro.nftbox.works/src/MicroweberPackages/Template/Template.php(808): MicroweberPackages\\Template\\Template->adapter()
#6 /home/nftboxworks/micro.nftbox.works/src/MicroweberPackages/App/Http/Controllers/FrontendController.php(1986): MicroweberPackages\\Template\\Template->render()
#7 /home/nftboxworks/micro.nftbox.works/src/MicroweberPackages/App/Http/Controllers/FrontendController.php(76): MicroweberPackages\\App\\Http\\Controllers\\FrontendController->frontend()
#8 /home/nftboxworks/micro.nftbox.works/vendor/laravel/framework/src/Illuminate/Routing/Controller.php(54): MicroweberPackages\\App\\Http\\Controllers\\FrontendController->index()
#9 /home/nftboxworks/micro.nftbox.works/vendor/laravel/framework/src/Illuminate/Routing/ControllerDispatcher.php(45): Illuminate\\Routing\\Controller->callAction()
#10 /home/nftboxworks/micro.nftbox.works/vendor/laravel/framework/src/Illuminate/Routing/Route.php(254): Illuminate\\Routing\\ControllerDispatcher->dispatch()
#11 /home/nftboxworks/micro.nftbox.works/vendor/laravel/framework/src/Illuminate/Routing/Route.php(197): Illuminate\\Routing\\Route->runController()
#12 /home/nftboxworks/micro.nftbox.works/vendor/laravel/framework/src/Illuminate/Routing/Router.php(695): Illuminate\\Routing\\Route->run()
#13 /home/nftboxworks/micro.nftbox.works/vendor/laravel/framework/src/Illuminate/Pipeline/Pipeline.php(128): Illuminate\\Routing\\Router->Illuminate\\Routing\\{closure}()
#14 /home/nftboxworks/micro.nftbox.works/vendor/laravel/framework/src/Illuminate/Session/Middleware/AuthenticateSession.php(58): Illuminate\\Pipeline\\Pipeline->Illuminate\\Pipeline\\{closure}()
#15 /home/nftboxworks/micro.nftbox.works/src/MicroweberPackages/App/Http/Middleware/AuthenticateSessionForUser.php(23): Illuminate\\Session\\Middleware\\AuthenticateSession->handle()
#16 /home/nftboxworks/micro.nftbox.works/vendor/laravel/framework/src/Illuminate/Pipeline/Pipeline.php(167): MicroweberPackages\\App\\Http\\Middleware\\AuthenticateSessionForUser->handle()
#17 /home/nftboxworks/micro.nftbox.works/src/MicroweberPackages/App/Http/Middleware/XSS.php(22): Illuminate\\Pipeline\\Pipeline->Illuminate\\Pipeline\\{closure}()
#18 /home/nftboxworks/micro.nftbox.works/vendor/laravel/framework/src/Illuminate/Pipeline/Pipeline.php(167): MicroweberPackages\\App\\Http\\Middleware\\XSS->handle()
#19 /home/nftboxworks/micro.nftbox.works/vendor/laravel/framework/src/Illuminate/Pipeline/Pipeline.php(103): Illuminate\\Pipeline\\Pipeline->Illuminate\\Pipeline\\{closure}()
#20 /home/nftboxworks/micro.nftbox.works/vendor/laravel/framework/src/Illuminate/Routing/Router.php(697): Illuminate\\Pipeline\\Pipeline->then()
#21 /home/nftboxworks/micro.nftbox.works/vendor/laravel/framework/src/Illuminate/Routing/Router.php(672): Illuminate\\Routing\\Router->runRouteWithinStack()
#22 /home/nftboxworks/micro.nftbox.works/vendor/laravel/framework/src/Illuminate/Routing/Router.php(636): Illuminate\\Routing\\Router->runRoute()
#23 /home/nftboxworks/micro.nftbox.works/vendor/laravel/framework/src/Illuminate/Routing/Router.php(625): Illuminate\\Routing\\Router->dispatchToRoute()
#24 /home/nftboxworks/micro.nftbox.works/vendor/laravel/framework/src/Illuminate/Foundation/Http/Kernel.php(166): Illuminate\\Routing\\Router->dispatch()
#25 /home/nftboxworks/micro.nftbox.works/vendor/laravel/framework/src/Illuminate/Pipeline/Pipeline.php(128): Illuminate\\Foundation\\Http\\Kernel->Illuminate\\Foundation\\Http\\{closure}()
#26 /home/nftboxworks/micro.nftbox.works/vendor/barryvdh/laravel-debugbar/src/Middleware/InjectDebugbar.php(60): Illuminate\\Pipeline\\Pipeline->Illuminate\\Pipeline\\{closure}()
#27 /home/nftboxworks/micro.nftbox.works/vendor/laravel/framework/src/Illuminate/Pipeline/Pipeline.php(167): Barryvdh\\Debugbar\\Middleware\\InjectDebugbar->handle()
#28 /home/nftboxworks/micro.nftbox.works/vendor/fideloper/proxy/src/TrustProxies.php(57): Illuminate\\Pipeline\\Pipeline->Illuminate\\Pipeline\\{closure}()
#29 /home/nftboxworks/micro.nftbox.works/vendor/laravel/framework/src/Illuminate/Pipeline/Pipeline.php(167): Fideloper\\Proxy\\TrustProxies->handle()
#30 /home/nftboxworks/micro.nftbox.works/vendor/fruitcake/laravel-cors/src/HandleCors.php(38): Illuminate\\Pipeline\\Pipeline->Illuminate\\Pipeline\\{closure}()
#31 /home/nftboxworks/micro.nftbox.works/vendor/laravel/framework/src/Illuminate/Pipeline/Pipeline.php(167): Fruitcake\\Cors\\HandleCors->handle()
#32 /home/nftboxworks/micro.nftbox.works/vendor/laravel/framework/src/Illuminate/Foundation/Http/Middleware/PreventRequestsDuringMaintenance.php(86): Illuminate\\Pipeline\\Pipeline->Illuminate\\Pipeline\\{closure}()
#33 /home/nftboxworks/micro.nftbox.works/vendor/laravel/framework/src/Illuminate/Pipeline/Pipeline.php(167): Illuminate\\Foundation\\Http\\Middleware\\PreventRequestsDuringMaintenance->handle()
#34 /home/nftboxworks/micro.nftbox.works/vendor/laravel/framework/src/Illuminate/Foundation/Http/Middleware/ValidatePostSize.php(27): Illuminate\\Pipeline\\Pipeline->Illuminate\\Pipeline\\{closure}()
#35 /home/nftboxworks/micro.nftbox.works/vendor/laravel/framework/src/Illuminate/Pipeline/Pipeline.php(167): Illuminate\\Foundation\\Http\\Middleware\\ValidatePostSize->handle()
#36 /home/nftboxworks/micro.nftbox.works/vendor/laravel/framework/src/Illuminate/Foundation/Http/Middleware/TransformsRequest.php(21): Illuminate\\Pipeline\\Pipeline->Illuminate\\Pipeline\\{closure}()
#37 /home/nftboxworks/micro.nftbox.works/vendor/laravel/framework/src/Illuminate/Foundation/Http/Middleware/TrimStrings.php(40): Illuminate\\Foundation\\Http\\Middleware\\TransformsRequest->handle()
#38 /home/nftboxworks/micro.nftbox.works/vendor/laravel/framework/src/Illuminate/Pipeline/Pipeline.php(167): Illuminate\\Foundation\\Http\\Middleware\\TrimStrings->handle()
#39 /home/nftboxworks/micro.nftbox.works/vendor/laravel/framework/src/Illuminate/Session/Middleware/StartSession.php(121): Illuminate\\Pipeline\\Pipeline->Illuminate\\Pipeline\\{closure}()
#40 /home/nftboxworks/micro.nftbox.works/vendor/laravel/framework/src/Illuminate/Session/Middleware/StartSession.php(64): Illuminate\\Session\\Middleware\\StartSession->handleStatefulRequest()
#41 /home/nftboxworks/micro.nftbox.works/src/MicroweberPackages/App/Http/Middleware/StartSessionExtended.php(22): Illuminate\\Session\\Middleware\\StartSession->handle()
#42 /home/nftboxworks/micro.nftbox.works/vendor/laravel/framework/src/Illuminate/Pipeline/Pipeline.php(167): MicroweberPackages\\App\\Http\\Middleware\\StartSessionExtended->handle()
#43 /home/nftboxworks/micro.nftbox.works/vendor/laravel/framework/src/Illuminate/Foundation/Http/Middleware/TransformsRequest.php(21): Illuminate\\Pipeline\\Pipeline->Illuminate\\Pipeline\\{closure}()
#44 /home/nftboxworks/micro.nftbox.works/vendor/laravel/framework/src/Illuminate/Foundation/Http/Middleware/ConvertEmptyStringsToNull.php(31): Illuminate\\Foundation\\Http\\Middleware\\TransformsRequest->handle()
#45 /home/nftboxworks/micro.nftbox.works/vendor/laravel/framework/src/Illuminate/Pipeline/Pipeline.php(167): Illuminate\\Foundation\\Http\\Middleware\\ConvertEmptyStringsToNull->handle()
#46 /home/nftboxworks/micro.nftbox.works/vendor/laravel/framework/src/Illuminate/Cookie/Middleware/AddQueuedCookiesToResponse.php(37): Illuminate\\Pipeline\\Pipeline->Illuminate\\Pipeline\\{closure}()
#47 /home/nftboxworks/micro.nftbox.works/vendor/laravel/framework/src/Illuminate/Pipeline/Pipeline.php(167): Illuminate\\Cookie\\Middleware\\AddQueuedCookiesToResponse->handle()
#48 /home/nftboxworks/micro.nftbox.works/vendor/laravel/framework/src/Illuminate/Pipeline/Pipeline.php(103): Illuminate\\Pipeline\\Pipeline->Illuminate\\Pipeline\\{closure}()
#49 /home/nftboxworks/micro.nftbox.works/vendor/laravel/framework/src/Illuminate/Foundation/Http/Kernel.php(141): Illuminate\\Pipeline\\Pipeline->then()
#50 /home/nftboxworks/micro.nftbox.works/vendor/laravel/framework/src/Illuminate/Foundation/Http/Kernel.php(110): Illuminate\\Foundation\\Http\\Kernel->sendRequestThroughRouter()
#51 /home/nftboxworks/micro.nftbox.works/index.php(90): Illuminate\\Foundation\\Http\\Kernel->handle()
#52 {main}
"} 
